C:\USERS\OLIVER\DESKTOP\PPTM\PUTTY.SRC\WINDOWS\MSVC\PLINK\DEBUG\TIMING.OBJ
C:\USERS\OLIVER\DESKTOP\PPTM\PUTTY.SRC\WINDOWS\MSVC\PLINK\DEBUG\TREE234.OBJ
C:\USERS\OLIVER\DESKTOP\PPTM\PUTTY.SRC\WINDOWS\MSVC\PLINK\DEBUG\VERSION.OBJ
C:\USERS\OLIVER\DESKTOP\PPTM\PUTTY.SRC\WINDOWS\MSVC\PLINK\DEBUG\WILDCARD.OBJ
C:\USERS\OLIVER\DESKTOP\PPTM\PUTTY.SRC\WINDOWS\MSVC\PLINK\DEBUG\WINCONS.OBJ
C:\USERS\OLIVER\DESKTOP\PPTM\PUTTY.SRC\WINDOWS\MSVC\PLINK\DEBUG\WINDEFS.OBJ
C:\USERS\OLIVER\DESKTOP\PPTM\PUTTY.SRC\WINDOWS\MSVC\PLINK\DEBUG\WINHANDL.OBJ
C:\USERS\OLIVER\DESKTOP\PPTM\PUTTY.SRC\WINDOWS\MSVC\PLINK\DEBUG\WINNET.OBJ
C:\USERS\OLIVER\DESKTOP\PPTM\PUTTY.SRC\WINDOWS\MSVC\PLINK\DEBUG\WINNOISE.OBJ
C:\USERS\OLIVER\DESKTOP\PPTM\PUTTY.SRC\WINDOWS\MSVC\PLINK\DEBUG\WINNOJMP.OBJ
C:\USERS\OLIVER\DESKTOP\PPTM\PUTTY.SRC\WINDOWS\MSVC\PLINK\DEBUG\WINPGNTC.OBJ
C:\USERS\OLIVER\DESKTOP\PPTM\PUTTY.SRC\WINDOWS\MSVC\PLINK\DEBUG\WINPLINK.OBJ
C:\USERS\OLIVER\DESKTOP\PPTM\PUTTY.SRC\WINDOWS\MSVC\PLINK\DEBUG\WINPROXY.OBJ
C:\USERS\OLIVER\DESKTOP\PPTM\PUTTY.SRC\WINDOWS\MSVC\PLINK\DEBUG\WINSER.OBJ
C:\USERS\OLIVER\DESKTOP\PPTM\PUTTY.SRC\WINDOWS\MSVC\PLINK\DEBUG\WINSTORE.OBJ
C:\USERS\OLIVER\DESKTOP\PPTM\PUTTY.SRC\WINDOWS\MSVC\PLINK\DEBUG\WINTIME.OBJ
C:\USERS\OLIVER\DESKTOP\PPTM\PUTTY.SRC\WINDOWS\MSVC\PLINK\DEBUG\WINX11.OBJ
C:\USERS\OLIVER\DESKTOP\PPTM\PUTTY.SRC\WINDOWS\MSVC\PLINK\DEBUG\X11FWD.OBJ
C:\USERS\OLIVER\DESKTOP\PPTM\PUTTY.SRC\WINDOWS\MSVC\PLINK\DEBUG\SETTINGS.OBJ
C:\USERS\OLIVER\DESKTOP\PPTM\PUTTY.SRC\WINDOWS\MSVC\PLINK\DEBUG\SSHAES.OBJ
C:\USERS\OLIVER\DESKTOP\PPTM\PUTTY.SRC\WINDOWS\MSVC\PLINK\DEBUG\SSHARCF.OBJ
C:\USERS\OLIVER\DESKTOP\PPTM\PUTTY.SRC\WINDOWS\MSVC\PLINK\DEBUG\SSHBLOWF.OBJ
C:\USERS\OLIVER\DESKTOP\PPTM\PUTTY.SRC\WINDOWS\MSVC\PLINK\DEBUG\SSHBN.OBJ
C:\USERS\OLIVER\DESKTOP\PPTM\PUTTY.SRC\WINDOWS\MSVC\PLINK\DEBUG\SSHCRC.OBJ
C:\USERS\OLIVER\DESKTOP\PPTM\PUTTY.SRC\WINDOWS\MSVC\PLINK\DEBUG\SSHCRCDA.OBJ
C:\USERS\OLIVER\DESKTOP\PPTM\PUTTY.SRC\WINDOWS\MSVC\PLINK\DEBUG\SSHDES.OBJ
C:\USERS\OLIVER\DESKTOP\PPTM\PUTTY.SRC\WINDOWS\MSVC\PLINK\DEBUG\SSHDH.OBJ
C:\USERS\OLIVER\DESKTOP\PPTM\PUTTY.SRC\WINDOWS\MSVC\PLINK\DEBUG\SSHDSS.OBJ
C:\USERS\OLIVER\DESKTOP\PPTM\PUTTY.SRC\WINDOWS\MSVC\PLINK\DEBUG\SSHGSSC.OBJ
C:\USERS\OLIVER\DESKTOP\PPTM\PUTTY.SRC\WINDOWS\MSVC\PLINK\DEBUG\SSHMD5.OBJ
C:\USERS\OLIVER\DESKTOP\PPTM\PUTTY.SRC\WINDOWS\MSVC\PLINK\DEBUG\SSHPUBK.OBJ
C:\USERS\OLIVER\DESKTOP\PPTM\PUTTY.SRC\WINDOWS\MSVC\PLINK\DEBUG\SSHRAND.OBJ
C:\USERS\OLIVER\DESKTOP\PPTM\PUTTY.SRC\WINDOWS\MSVC\PLINK\DEBUG\SSHRSA.OBJ
C:\USERS\OLIVER\DESKTOP\PPTM\PUTTY.SRC\WINDOWS\MSVC\PLINK\DEBUG\SSHSH256.OBJ
C:\USERS\OLIVER\DESKTOP\PPTM\PUTTY.SRC\WINDOWS\MSVC\PLINK\DEBUG\SSHSH512.OBJ
C:\USERS\OLIVER\DESKTOP\PPTM\PUTTY.SRC\WINDOWS\MSVC\PLINK\DEBUG\SSHSHA.OBJ
C:\USERS\OLIVER\DESKTOP\PPTM\PUTTY.SRC\WINDOWS\MSVC\PLINK\DEBUG\SSHZLIB.OBJ
C:\USERS\OLIVER\DESKTOP\PPTM\PUTTY.SRC\WINDOWS\MSVC\PLINK\DEBUG\TELNET.OBJ
C:\USERS\OLIVER\DESKTOP\PPTM\PUTTY.SRC\WINDOWS\MSVC\PLINK\DEBUG\BE_ALL_S.OBJ
C:\USERS\OLIVER\DESKTOP\PPTM\PUTTY.SRC\WINDOWS\MSVC\PLINK\DEBUG\CMDLINE.OBJ
C:\USERS\OLIVER\DESKTOP\PPTM\PUTTY.SRC\WINDOWS\MSVC\PLINK\DEBUG\CPROXY.OBJ
C:\USERS\OLIVER\DESKTOP\PPTM\PUTTY.SRC\WINDOWS\MSVC\PLINK\DEBUG\LDISC.OBJ
C:\USERS\OLIVER\DESKTOP\PPTM\PUTTY.SRC\WINDOWS\MSVC\PLINK\DEBUG\LOGGING.OBJ
C:\USERS\OLIVER\DESKTOP\PPTM\PUTTY.SRC\WINDOWS\MSVC\PLINK\DEBUG\MISC.OBJ
C:\USERS\OLIVER\DESKTOP\PPTM\PUTTY.SRC\WINDOWS\MSVC\PLINK\DEBUG\PGSSAPI.OBJ
C:\USERS\OLIVER\DESKTOP\PPTM\PUTTY.SRC\WINDOWS\MSVC\PLINK\DEBUG\PINGER.OBJ
C:\USERS\OLIVER\DESKTOP\PPTM\PUTTY.SRC\WINDOWS\MSVC\PLINK\DEBUG\PORTFWD.OBJ
C:\USERS\OLIVER\DESKTOP\PPTM\PUTTY.SRC\WINDOWS\MSVC\PLINK\DEBUG\PROXY.OBJ
C:\USERS\OLIVER\DESKTOP\PPTM\PUTTY.SRC\WINDOWS\MSVC\PLINK\DEBUG\RAW.OBJ
C:\USERS\OLIVER\DESKTOP\PPTM\PUTTY.SRC\WINDOWS\MSVC\PLINK\DEBUG\RLOGIN.OBJ
C:\USERS\OLIVER\DESKTOP\PPTM\PUTTY.SRC\WINDOWS\MSVC\PLINK\DEBUG\VC110.PDB
C:\USERS\OLIVER\DESKTOP\PPTM\PUTTY.SRC\WINDOWS\MSVC\PLINK\DEBUG\WINGSS.OBJ
C:\USERS\OLIVER\DESKTOP\PPTM\PUTTY.SRC\WINDOWS\MSVC\PLINK\DEBUG\WINMISC.OBJ
C:\USERS\OLIVER\DESKTOP\PPTM\PUTTY.SRC\WINDOWS\MSVC\PLINK\DEBUG\SSH.OBJ
C:\USERS\OLIVER\DESKTOP\PPTM\PUTTY.SRC\WINDOWS\MSVC\PLINK\DEBUG\PLINK.ILK
C:\USERS\OLIVER\DESKTOP\PPTM\PUTTY.SRC\WINDOWS\MSVC\PLINK\DEBUG\PLINK.EXE
C:\USERS\OLIVER\DESKTOP\PPTM\PUTTY.SRC\WINDOWS\MSVC\PLINK\DEBUG\PLINK.PDB
C:\USERS\OLIVER\DESKTOP\PPTM\PUTTY.SRC\WINDOWS\MSVC\PLINK\DEBUG\PLINK.RES
C:\Users\oliver\Desktop\pptm\putty.src\WINDOWS\MSVC\PLINK\Debug\be_all_s.obj
C:\Users\oliver\Desktop\pptm\putty.src\WINDOWS\MSVC\PLINK\Debug\cmdline.obj
C:\Users\oliver\Desktop\pptm\putty.src\WINDOWS\MSVC\PLINK\Debug\cproxy.obj
C:\Users\oliver\Desktop\pptm\putty.src\WINDOWS\MSVC\PLINK\Debug\ldisc.obj
C:\Users\oliver\Desktop\pptm\putty.src\WINDOWS\MSVC\PLINK\Debug\logging.obj
C:\Users\oliver\Desktop\pptm\putty.src\WINDOWS\MSVC\PLINK\Debug\misc.obj
C:\Users\oliver\Desktop\pptm\putty.src\WINDOWS\MSVC\PLINK\Debug\pgssapi.obj
C:\Users\oliver\Desktop\pptm\putty.src\WINDOWS\MSVC\PLINK\Debug\pinger.obj
C:\Users\oliver\Desktop\pptm\putty.src\WINDOWS\MSVC\PLINK\Debug\portfwd.obj
C:\Users\oliver\Desktop\pptm\putty.src\WINDOWS\MSVC\PLINK\Debug\proxy.obj
C:\Users\oliver\Desktop\pptm\putty.src\WINDOWS\MSVC\PLINK\Debug\raw.obj
C:\Users\oliver\Desktop\pptm\putty.src\WINDOWS\MSVC\PLINK\Debug\rlogin.obj
C:\Users\oliver\Desktop\pptm\putty.src\WINDOWS\MSVC\PLINK\Debug\settings.obj
C:\Users\oliver\Desktop\pptm\putty.src\WINDOWS\MSVC\PLINK\Debug\ssh.obj
C:\Users\oliver\Desktop\pptm\putty.src\WINDOWS\MSVC\PLINK\Debug\sshaes.obj
C:\Users\oliver\Desktop\pptm\putty.src\WINDOWS\MSVC\PLINK\Debug\ssharcf.obj
C:\Users\oliver\Desktop\pptm\putty.src\WINDOWS\MSVC\PLINK\Debug\sshblowf.obj
C:\Users\oliver\Desktop\pptm\putty.src\WINDOWS\MSVC\PLINK\Debug\sshbn.obj
C:\Users\oliver\Desktop\pptm\putty.src\WINDOWS\MSVC\PLINK\Debug\sshcrc.obj
C:\Users\oliver\Desktop\pptm\putty.src\WINDOWS\MSVC\PLINK\Debug\sshcrcda.obj
C:\Users\oliver\Desktop\pptm\putty.src\WINDOWS\MSVC\PLINK\Debug\sshdes.obj
C:\Users\oliver\Desktop\pptm\putty.src\WINDOWS\MSVC\PLINK\Debug\sshdh.obj
C:\Users\oliver\Desktop\pptm\putty.src\WINDOWS\MSVC\PLINK\Debug\sshdss.obj
C:\Users\oliver\Desktop\pptm\putty.src\WINDOWS\MSVC\PLINK\Debug\sshgssc.obj
C:\Users\oliver\Desktop\pptm\putty.src\WINDOWS\MSVC\PLINK\Debug\sshmd5.obj
C:\Users\oliver\Desktop\pptm\putty.src\WINDOWS\MSVC\PLINK\Debug\sshpubk.obj
C:\Users\oliver\Desktop\pptm\putty.src\WINDOWS\MSVC\PLINK\Debug\sshrand.obj
C:\Users\oliver\Desktop\pptm\putty.src\WINDOWS\MSVC\PLINK\Debug\sshrsa.obj
C:\Users\oliver\Desktop\pptm\putty.src\WINDOWS\MSVC\PLINK\Debug\sshsh256.obj
C:\Users\oliver\Desktop\pptm\putty.src\WINDOWS\MSVC\PLINK\Debug\sshsh512.obj
C:\Users\oliver\Desktop\pptm\putty.src\WINDOWS\MSVC\PLINK\Debug\sshsha.obj
C:\Users\oliver\Desktop\pptm\putty.src\WINDOWS\MSVC\PLINK\Debug\sshzlib.obj
C:\Users\oliver\Desktop\pptm\putty.src\WINDOWS\MSVC\PLINK\Debug\telnet.obj
C:\Users\oliver\Desktop\pptm\putty.src\WINDOWS\MSVC\PLINK\Debug\timing.obj
C:\Users\oliver\Desktop\pptm\putty.src\WINDOWS\MSVC\PLINK\Debug\tree234.obj
C:\Users\oliver\Desktop\pptm\putty.src\WINDOWS\MSVC\PLINK\Debug\version.obj
C:\Users\oliver\Desktop\pptm\putty.src\WINDOWS\MSVC\PLINK\Debug\wildcard.obj
C:\Users\oliver\Desktop\pptm\putty.src\WINDOWS\MSVC\PLINK\Debug\wincons.obj
C:\Users\oliver\Desktop\pptm\putty.src\WINDOWS\MSVC\PLINK\Debug\windefs.obj
C:\Users\oliver\Desktop\pptm\putty.src\WINDOWS\MSVC\PLINK\Debug\wingss.obj
C:\Users\oliver\Desktop\pptm\putty.src\WINDOWS\MSVC\PLINK\Debug\winhandl.obj
C:\Users\oliver\Desktop\pptm\putty.src\WINDOWS\MSVC\PLINK\Debug\winmisc.obj
C:\Users\oliver\Desktop\pptm\putty.src\WINDOWS\MSVC\PLINK\Debug\winnet.obj
C:\Users\oliver\Desktop\pptm\putty.src\WINDOWS\MSVC\PLINK\Debug\winnoise.obj
C:\Users\oliver\Desktop\pptm\putty.src\WINDOWS\MSVC\PLINK\Debug\winnojmp.obj
C:\Users\oliver\Desktop\pptm\putty.src\WINDOWS\MSVC\PLINK\Debug\winpgntc.obj
C:\Users\oliver\Desktop\pptm\putty.src\WINDOWS\MSVC\PLINK\Debug\winplink.obj
C:\Users\oliver\Desktop\pptm\putty.src\WINDOWS\MSVC\PLINK\Debug\winproxy.obj
C:\Users\oliver\Desktop\pptm\putty.src\WINDOWS\MSVC\PLINK\Debug\winser.obj
C:\Users\oliver\Desktop\pptm\putty.src\WINDOWS\MSVC\PLINK\Debug\winstore.obj
C:\Users\oliver\Desktop\pptm\putty.src\WINDOWS\MSVC\PLINK\Debug\wintime.obj
C:\Users\oliver\Desktop\pptm\putty.src\WINDOWS\MSVC\PLINK\Debug\winx11.obj
C:\Users\oliver\Desktop\pptm\putty.src\WINDOWS\MSVC\PLINK\Debug\x11fwd.obj
C:\Users\oliver\Desktop\pptm\putty.src\WINDOWS\MSVC\PLINK\Debug\plink.ilk
C:\Users\oliver\Desktop\pptm\putty.src\WINDOWS\MSVC\PLINK\Debug\cl.command.1.tlog
C:\Users\oliver\Desktop\pptm\putty.src\WINDOWS\MSVC\PLINK\Debug\CL.read.1.tlog
C:\Users\oliver\Desktop\pptm\putty.src\WINDOWS\MSVC\PLINK\Debug\CL.write.1.tlog
C:\Users\oliver\Desktop\pptm\putty.src\WINDOWS\MSVC\PLINK\Debug\link-cvtres.read.1.tlog
C:\Users\oliver\Desktop\pptm\putty.src\WINDOWS\MSVC\PLINK\Debug\link-cvtres.write.1.tlog
C:\Users\oliver\Desktop\pptm\putty.src\WINDOWS\MSVC\PLINK\Debug\link-rc.read.1.tlog
C:\Users\oliver\Desktop\pptm\putty.src\WINDOWS\MSVC\PLINK\Debug\link-rc.write.1.tlog
C:\Users\oliver\Desktop\pptm\putty.src\WINDOWS\MSVC\PLINK\Debug\link.11228-cvtres.read.1.tlog
C:\Users\oliver\Desktop\pptm\putty.src\WINDOWS\MSVC\PLINK\Debug\link.11228-cvtres.write.1.tlog
C:\Users\oliver\Desktop\pptm\putty.src\WINDOWS\MSVC\PLINK\Debug\link.11228-rc.read.1.tlog
C:\Users\oliver\Desktop\pptm\putty.src\WINDOWS\MSVC\PLINK\Debug\link.11228-rc.write.1.tlog
C:\Users\oliver\Desktop\pptm\putty.src\WINDOWS\MSVC\PLINK\Debug\link.11228.read.1.tlog
C:\Users\oliver\Desktop\pptm\putty.src\WINDOWS\MSVC\PLINK\Debug\link.11228.write.1.tlog
C:\Users\oliver\Desktop\pptm\putty.src\WINDOWS\MSVC\PLINK\Debug\link.11232-cvtres.read.1.tlog
C:\Users\oliver\Desktop\pptm\putty.src\WINDOWS\MSVC\PLINK\Debug\link.11232-cvtres.write.1.tlog
C:\Users\oliver\Desktop\pptm\putty.src\WINDOWS\MSVC\PLINK\Debug\link.11232-rc.read.1.tlog
C:\Users\oliver\Desktop\pptm\putty.src\WINDOWS\MSVC\PLINK\Debug\link.11232-rc.write.1.tlog
C:\Users\oliver\Desktop\pptm\putty.src\WINDOWS\MSVC\PLINK\Debug\link.11232.read.1.tlog
C:\Users\oliver\Desktop\pptm\putty.src\WINDOWS\MSVC\PLINK\Debug\link.11232.write.1.tlog
C:\Users\oliver\Desktop\pptm\putty.src\WINDOWS\MSVC\PLINK\Debug\link.12244-cvtres.read.1.tlog
C:\Users\oliver\Desktop\pptm\putty.src\WINDOWS\MSVC\PLINK\Debug\link.12244-cvtres.write.1.tlog
C:\Users\oliver\Desktop\pptm\putty.src\WINDOWS\MSVC\PLINK\Debug\link.12244-rc.read.1.tlog
C:\Users\oliver\Desktop\pptm\putty.src\WINDOWS\MSVC\PLINK\Debug\link.12244-rc.write.1.tlog
C:\Users\oliver\Desktop\pptm\putty.src\WINDOWS\MSVC\PLINK\Debug\link.12244.read.1.tlog
C:\Users\oliver\Desktop\pptm\putty.src\WINDOWS\MSVC\PLINK\Debug\link.12244.write.1.tlog
C:\Users\oliver\Desktop\pptm\putty.src\WINDOWS\MSVC\PLINK\Debug\link.7160-cvtres.read.1.tlog
C:\Users\oliver\Desktop\pptm\putty.src\WINDOWS\MSVC\PLINK\Debug\link.7160-cvtres.write.1.tlog
C:\Users\oliver\Desktop\pptm\putty.src\WINDOWS\MSVC\PLINK\Debug\link.7160-rc.read.1.tlog
C:\Users\oliver\Desktop\pptm\putty.src\WINDOWS\MSVC\PLINK\Debug\link.7160-rc.write.1.tlog
C:\Users\oliver\Desktop\pptm\putty.src\WINDOWS\MSVC\PLINK\Debug\link.7160.read.1.tlog
C:\Users\oliver\Desktop\pptm\putty.src\WINDOWS\MSVC\PLINK\Debug\link.7160.write.1.tlog
C:\Users\oliver\Desktop\pptm\putty.src\WINDOWS\MSVC\PLINK\Debug\link.7284-cvtres.read.1.tlog
C:\Users\oliver\Desktop\pptm\putty.src\WINDOWS\MSVC\PLINK\Debug\link.7284-cvtres.write.1.tlog
C:\Users\oliver\Desktop\pptm\putty.src\WINDOWS\MSVC\PLINK\Debug\link.7284-rc.read.1.tlog
C:\Users\oliver\Desktop\pptm\putty.src\WINDOWS\MSVC\PLINK\Debug\link.7284-rc.write.1.tlog
C:\Users\oliver\Desktop\pptm\putty.src\WINDOWS\MSVC\PLINK\Debug\link.7284.read.1.tlog
C:\Users\oliver\Desktop\pptm\putty.src\WINDOWS\MSVC\PLINK\Debug\link.7284.write.1.tlog
C:\Users\oliver\Desktop\pptm\putty.src\WINDOWS\MSVC\PLINK\Debug\link.8364-cvtres.read.1.tlog
C:\Users\oliver\Desktop\pptm\putty.src\WINDOWS\MSVC\PLINK\Debug\link.8364-cvtres.write.1.tlog
C:\Users\oliver\Desktop\pptm\putty.src\WINDOWS\MSVC\PLINK\Debug\link.8364-rc.read.1.tlog
C:\Users\oliver\Desktop\pptm\putty.src\WINDOWS\MSVC\PLINK\Debug\link.8364-rc.write.1.tlog
C:\Users\oliver\Desktop\pptm\putty.src\WINDOWS\MSVC\PLINK\Debug\link.8364.read.1.tlog
C:\Users\oliver\Desktop\pptm\putty.src\WINDOWS\MSVC\PLINK\Debug\link.8364.write.1.tlog
C:\Users\oliver\Desktop\pptm\putty.src\WINDOWS\MSVC\PLINK\Debug\link.command.1.tlog
C:\Users\oliver\Desktop\pptm\putty.src\WINDOWS\MSVC\PLINK\Debug\link.read.1.tlog
C:\Users\oliver\Desktop\pptm\putty.src\WINDOWS\MSVC\PLINK\Debug\link.write.1.tlog
C:\Users\oliver\Desktop\pptm\putty.src\WINDOWS\MSVC\PLINK\Debug\rc.command.1.tlog
C:\Users\oliver\Desktop\pptm\putty.src\WINDOWS\MSVC\PLINK\Debug\rc.read.1.tlog
C:\Users\oliver\Desktop\pptm\putty.src\WINDOWS\MSVC\PLINK\Debug\rc.write.1.tlog
C:\Users\oliver\Desktop\pptm\putty.src\WINDOWS\MSVC\PLINK\Debug\plink.res
C:\Users\oliver\Desktop\pptm\putty.src\WINDOWS\MSVC\PLINK\Debug\vc110.idb
C:\Users\oliver\Desktop\pptm\putty.src\WINDOWS\MSVC\PLINK\Debug\plink.pdb
C:\Users\oliver\Desktop\pptm\putty.src\WINDOWS\MSVC\PLINK\Debug\vc110.pdb
C:\Users\oliver\Desktop\pptm\putty.src\WINDOWS\MSVC\PLINK\.\Debug\plink.exe
