Der Buildvorgang wurde am 12.08.2013 14:21:17 gestartet.
     1>Projekt "Z:\pp\collab\vadmin\sshclient\putty.src_o\WINDOWS\MSVC\PAGEANT\pageant.vcxproj" auf Knoten "2", Build Ziel(e).
     1>ClCompile:
         C:\Program Files\Microsoft Visual Studio 11.0\VC\bin\CL.exe /c /I..\..\..\./ /I..\..\..\charset/ /I..\..\..\windows/ /I..\..\..\unix/ /I..\..\..\macosx/ /ZI /nologo /W3 /WX- /Od /Oy- /D WIN32 /D _DEBUG /D _WINDOWS /D _VC80_UPGRADE=0x0600 /D _MBCS /Gm /EHsc /RTC1 /MTd /GS /Gy- /fp:precise /Zc:wchar_t /Zc:forScope /Fo".\Debug\\" /Fd".\Debug\vc110.pdb" /Gd /TC /analyze- /errorReport:prompt ..\..\..\misc.c ..\..\..\sshaes.c ..\..\..\sshbn.c ..\..\..\sshdes.c ..\..\..\sshdss.c ..\..\..\sshmd5.c ..\..\..\sshpubk.c ..\..\..\sshrsa.c ..\..\..\sshsh256.c ..\..\..\sshsh512.c ..\..\..\sshsha.c ..\..\..\tree234.c ..\..\..\version.c ..\..\winhelp.c ..\..\winmisc.c ..\..\winpgnt.c ..\..\winpgntc.c ..\..\winutils.c
         winutils.c
         winpgntc.c
         winpgnt.c
     1>z:\pp\collab\vadmin\sshclient\putty.src_o\windows\winpgnt.c(345): warning C4996: 'strcpy': This function or variable may be unsafe. Consider using strcpy_s instead. To disable deprecation, use _CRT_SECURE_NO_WARNINGS. See online help for details.
                 c:\program files\microsoft visual studio 11.0\vc\include\string.h(110): Siehe Deklaration von 'strcpy'
     1>z:\pp\collab\vadmin\sshclient\putty.src_o\windows\winpgnt.c(365): warning C4996: 'strncpy': This function or variable may be unsafe. Consider using strncpy_s instead. To disable deprecation, use _CRT_SECURE_NO_WARNINGS. See online help for details.
                 c:\program files\microsoft visual studio 11.0\vc\include\string.h(191): Siehe Deklaration von 'strncpy'
     1>z:\pp\collab\vadmin\sshclient\putty.src_o\windows\winpgnt.c(376): warning C4996: 'strncpy': This function or variable may be unsafe. Consider using strncpy_s instead. To disable deprecation, use _CRT_SECURE_NO_WARNINGS. See online help for details.
                 c:\program files\microsoft visual studio 11.0\vc\include\string.h(191): Siehe Deklaration von 'strncpy'
     1>z:\pp\collab\vadmin\sshclient\putty.src_o\windows\winpgnt.c(534): warning C4996: 'strcpy': This function or variable may be unsafe. Consider using strcpy_s instead. To disable deprecation, use _CRT_SECURE_NO_WARNINGS. See online help for details.
                 c:\program files\microsoft visual studio 11.0\vc\include\string.h(110): Siehe Deklaration von 'strcpy'
     1>z:\pp\collab\vadmin\sshclient\putty.src_o\windows\winpgnt.c(1625): warning C4996: 'strcpy': This function or variable may be unsafe. Consider using strcpy_s instead. To disable deprecation, use _CRT_SECURE_NO_WARNINGS. See online help for details.
                 c:\program files\microsoft visual studio 11.0\vc\include\string.h(110): Siehe Deklaration von 'strcpy'
     1>z:\pp\collab\vadmin\sshclient\putty.src_o\windows\winpgnt.c(1848): warning C4996: 'strcpy': This function or variable may be unsafe. Consider using strcpy_s instead. To disable deprecation, use _CRT_SECURE_NO_WARNINGS. See online help for details.
                 c:\program files\microsoft visual studio 11.0\vc\include\string.h(110): Siehe Deklaration von 'strcpy'
     1>z:\pp\collab\vadmin\sshclient\putty.src_o\windows\winpgnt.c(1849): warning C4996: 'strcat': This function or variable may be unsafe. Consider using strcat_s instead. To disable deprecation, use _CRT_SECURE_NO_WARNINGS. See online help for details.
                 c:\program files\microsoft visual studio 11.0\vc\include\string.h(115): Siehe Deklaration von 'strcat'
     1>z:\pp\collab\vadmin\sshclient\putty.src_o\windows\winpgnt.c(2068): warning C4996: 'strcpy': This function or variable may be unsafe. Consider using strcpy_s instead. To disable deprecation, use _CRT_SECURE_NO_WARNINGS. See online help for details.
                 c:\program files\microsoft visual studio 11.0\vc\include\string.h(110): Siehe Deklaration von 'strcpy'
     1>z:\pp\collab\vadmin\sshclient\putty.src_o\windows\winpgnt.c(2069): warning C4996: 'fopen': This function or variable may be unsafe. Consider using fopen_s instead. To disable deprecation, use _CRT_SECURE_NO_WARNINGS. See online help for details.
                 c:\program files\microsoft visual studio 11.0\vc\include\stdio.h(218): Siehe Deklaration von 'fopen'
         winmisc.c
     1>z:\pp\collab\vadmin\sshclient\putty.src_o\windows\winmisc.c(14): warning C4996: 'getenv': This function or variable may be unsafe. Consider using _dupenv_s instead. To disable deprecation, use _CRT_SECURE_NO_WARNINGS. See online help for details.
                 c:\program files\microsoft visual studio 11.0\vc\include\stdlib.h(449): Siehe Deklaration von 'getenv'
     1>z:\pp\collab\vadmin\sshclient\putty.src_o\windows\winmisc.c(20): warning C4996: 'strncpy': This function or variable may be unsafe. Consider using strncpy_s instead. To disable deprecation, use _CRT_SECURE_NO_WARNINGS. See online help for details.
                 c:\program files\microsoft visual studio 11.0\vc\include\string.h(191): Siehe Deklaration von 'strncpy'
         winhelp.c
     1>z:\pp\collab\vadmin\sshclient\putty.src_o\windows\winhelp.c(37): warning C4996: 'strcpy': This function or variable may be unsafe. Consider using strcpy_s instead. To disable deprecation, use _CRT_SECURE_NO_WARNINGS. See online help for details.
                 c:\program files\microsoft visual studio 11.0\vc\include\string.h(110): Siehe Deklaration von 'strcpy'
     1>z:\pp\collab\vadmin\sshclient\putty.src_o\windows\winhelp.c(38): warning C4996: 'fopen': This function or variable may be unsafe. Consider using fopen_s instead. To disable deprecation, use _CRT_SECURE_NO_WARNINGS. See online help for details.
                 c:\program files\microsoft visual studio 11.0\vc\include\stdio.h(218): Siehe Deklaration von 'fopen'
     1>z:\pp\collab\vadmin\sshclient\putty.src_o\windows\winhelp.c(43): warning C4996: 'strcpy': This function or variable may be unsafe. Consider using strcpy_s instead. To disable deprecation, use _CRT_SECURE_NO_WARNINGS. See online help for details.
                 c:\program files\microsoft visual studio 11.0\vc\include\string.h(110): Siehe Deklaration von 'strcpy'
     1>z:\pp\collab\vadmin\sshclient\putty.src_o\windows\winhelp.c(44): warning C4996: 'fopen': This function or variable may be unsafe. Consider using fopen_s instead. To disable deprecation, use _CRT_SECURE_NO_WARNINGS. See online help for details.
                 c:\program files\microsoft visual studio 11.0\vc\include\stdio.h(218): Siehe Deklaration von 'fopen'
     1>z:\pp\collab\vadmin\sshclient\putty.src_o\windows\winhelp.c(51): warning C4996: 'strcpy': This function or variable may be unsafe. Consider using strcpy_s instead. To disable deprecation, use _CRT_SECURE_NO_WARNINGS. See online help for details.
                 c:\program files\microsoft visual studio 11.0\vc\include\string.h(110): Siehe Deklaration von 'strcpy'
     1>z:\pp\collab\vadmin\sshclient\putty.src_o\windows\winhelp.c(52): warning C4996: 'fopen': This function or variable may be unsafe. Consider using fopen_s instead. To disable deprecation, use _CRT_SECURE_NO_WARNINGS. See online help for details.
                 c:\program files\microsoft visual studio 11.0\vc\include\stdio.h(218): Siehe Deklaration von 'fopen'
         version.c
         tree234.c
         sshsha.c
         sshsh512.c
         sshsh256.c
         sshrsa.c
     1>z:\pp\collab\vadmin\sshclient\putty.src_o\sshrsa.c(338): warning C4996: 'sprintf': This function or variable may be unsafe. Consider using sprintf_s instead. To disable deprecation, use _CRT_SECURE_NO_WARNINGS. See online help for details.
                 c:\program files\microsoft visual studio 11.0\vc\include\stdio.h(357): Siehe Deklaration von 'sprintf'
     1>z:\pp\collab\vadmin\sshclient\putty.src_o\sshrsa.c(346): warning C4996: 'sprintf': This function or variable may be unsafe. Consider using sprintf_s instead. To disable deprecation, use _CRT_SECURE_NO_WARNINGS. See online help for details.
                 c:\program files\microsoft visual studio 11.0\vc\include\stdio.h(357): Siehe Deklaration von 'sprintf'
     1>z:\pp\collab\vadmin\sshclient\putty.src_o\sshrsa.c(381): warning C4996: 'sprintf': This function or variable may be unsafe. Consider using sprintf_s instead. To disable deprecation, use _CRT_SECURE_NO_WARNINGS. See online help for details.
                 c:\program files\microsoft visual studio 11.0\vc\include\stdio.h(357): Siehe Deklaration von 'sprintf'
     1>z:\pp\collab\vadmin\sshclient\putty.src_o\sshrsa.c(384): warning C4996: 'sprintf': This function or variable may be unsafe. Consider using sprintf_s instead. To disable deprecation, use _CRT_SECURE_NO_WARNINGS. See online help for details.
                 c:\program files\microsoft visual studio 11.0\vc\include\stdio.h(357): Siehe Deklaration von 'sprintf'
     1>z:\pp\collab\vadmin\sshclient\putty.src_o\sshrsa.c(385): warning C4996: 'strncpy': This function or variable may be unsafe. Consider using strncpy_s instead. To disable deprecation, use _CRT_SECURE_NO_WARNINGS. See online help for details.
                 c:\program files\microsoft visual studio 11.0\vc\include\string.h(191): Siehe Deklaration von 'strncpy'
     1>z:\pp\collab\vadmin\sshclient\putty.src_o\sshrsa.c(390): warning C4996: 'strncpy': This function or variable may be unsafe. Consider using strncpy_s instead. To disable deprecation, use _CRT_SECURE_NO_WARNINGS. See online help for details.
                 c:\program files\microsoft visual studio 11.0\vc\include\string.h(191): Siehe Deklaration von 'strncpy'
     1>z:\pp\collab\vadmin\sshclient\putty.src_o\sshrsa.c(785): warning C4996: 'sprintf': This function or variable may be unsafe. Consider using sprintf_s instead. To disable deprecation, use _CRT_SECURE_NO_WARNINGS. See online help for details.
                 c:\program files\microsoft visual studio 11.0\vc\include\stdio.h(357): Siehe Deklaration von 'sprintf'
     1>z:\pp\collab\vadmin\sshclient\putty.src_o\sshrsa.c(788): warning C4996: 'sprintf': This function or variable may be unsafe. Consider using sprintf_s instead. To disable deprecation, use _CRT_SECURE_NO_WARNINGS. See online help for details.
                 c:\program files\microsoft visual studio 11.0\vc\include\stdio.h(357): Siehe Deklaration von 'sprintf'
     1>z:\pp\collab\vadmin\sshclient\putty.src_o\sshrsa.c(791): warning C4996: 'strcpy': This function or variable may be unsafe. Consider using strcpy_s instead. To disable deprecation, use _CRT_SECURE_NO_WARNINGS. See online help for details.
                 c:\program files\microsoft visual studio 11.0\vc\include\string.h(110): Siehe Deklaration von 'strcpy'
         sshpubk.c
     1>z:\pp\collab\vadmin\sshclient\putty.src_o\sshpubk.c(165): warning C4996: 'fopen': This function or variable may be unsafe. Consider using fopen_s instead. To disable deprecation, use _CRT_SECURE_NO_WARNINGS. See online help for details.
                 c:\program files\microsoft visual studio 11.0\vc\include\stdio.h(218): Siehe Deklaration von 'fopen'
     1>z:\pp\collab\vadmin\sshclient\putty.src_o\sshpubk.c(206): warning C4996: 'fopen': This function or variable may be unsafe. Consider using fopen_s instead. To disable deprecation, use _CRT_SECURE_NO_WARNINGS. See online help for details.
                 c:\program files\microsoft visual studio 11.0\vc\include\stdio.h(218): Siehe Deklaration von 'fopen'
     1>z:\pp\collab\vadmin\sshclient\putty.src_o\sshpubk.c(244): warning C4996: 'fopen': This function or variable may be unsafe. Consider using fopen_s instead. To disable deprecation, use _CRT_SECURE_NO_WARNINGS. See online help for details.
                 c:\program files\microsoft visual studio 11.0\vc\include\stdio.h(218): Siehe Deklaration von 'fopen'
     1>z:\pp\collab\vadmin\sshclient\putty.src_o\sshpubk.c(367): warning C4996: 'fopen': This function or variable may be unsafe. Consider using fopen_s instead. To disable deprecation, use _CRT_SECURE_NO_WARNINGS. See online help for details.
                 c:\program files\microsoft visual studio 11.0\vc\include\stdio.h(218): Siehe Deklaration von 'fopen'
     1>z:\pp\collab\vadmin\sshclient\putty.src_o\sshpubk.c(635): warning C4996: 'fopen': This function or variable may be unsafe. Consider using fopen_s instead. To disable deprecation, use _CRT_SECURE_NO_WARNINGS. See online help for details.
                 c:\program files\microsoft visual studio 11.0\vc\include\stdio.h(218): Siehe Deklaration von 'fopen'
     1>z:\pp\collab\vadmin\sshclient\putty.src_o\sshpubk.c(809): warning C4996: 'sprintf': This function or variable may be unsafe. Consider using sprintf_s instead. To disable deprecation, use _CRT_SECURE_NO_WARNINGS. See online help for details.
                 c:\program files\microsoft visual studio 11.0\vc\include\stdio.h(357): Siehe Deklaration von 'sprintf'
     1>z:\pp\collab\vadmin\sshclient\putty.src_o\sshpubk.c(884): warning C4996: 'fopen': This function or variable may be unsafe. Consider using fopen_s instead. To disable deprecation, use _CRT_SECURE_NO_WARNINGS. See online help for details.
                 c:\program files\microsoft visual studio 11.0\vc\include\stdio.h(218): Siehe Deklaration von 'fopen'
     1>z:\pp\collab\vadmin\sshclient\putty.src_o\sshpubk.c(965): warning C4996: 'fopen': This function or variable may be unsafe. Consider using fopen_s instead. To disable deprecation, use _CRT_SECURE_NO_WARNINGS. See online help for details.
                 c:\program files\microsoft visual studio 11.0\vc\include\stdio.h(218): Siehe Deklaration von 'fopen'
     1>z:\pp\collab\vadmin\sshclient\putty.src_o\sshpubk.c(1146): warning C4996: 'fopen': This function or variable may be unsafe. Consider using fopen_s instead. To disable deprecation, use _CRT_SECURE_NO_WARNINGS. See online help for details.
                 c:\program files\microsoft visual studio 11.0\vc\include\stdio.h(218): Siehe Deklaration von 'fopen'
     1>z:\pp\collab\vadmin\sshclient\putty.src_o\sshpubk.c(1182): warning C4996: 'fopen': This function or variable may be unsafe. Consider using fopen_s instead. To disable deprecation, use _CRT_SECURE_NO_WARNINGS. See online help for details.
                 c:\program files\microsoft visual studio 11.0\vc\include\stdio.h(218): Siehe Deklaration von 'fopen'
         sshmd5.c
         sshdss.c
     1>z:\pp\collab\vadmin\sshclient\putty.src_o\sshdss.c(141): warning C4996: 'sprintf': This function or variable may be unsafe. Consider using sprintf_s instead. To disable deprecation, use _CRT_SECURE_NO_WARNINGS. See online help for details.
                 c:\program files\microsoft visual studio 11.0\vc\include\stdio.h(357): Siehe Deklaration von 'sprintf'
     1>z:\pp\collab\vadmin\sshclient\putty.src_o\sshdss.c(148): warning C4996: 'sprintf': This function or variable may be unsafe. Consider using sprintf_s instead. To disable deprecation, use _CRT_SECURE_NO_WARNINGS. See online help for details.
                 c:\program files\microsoft visual studio 11.0\vc\include\stdio.h(357): Siehe Deklaration von 'sprintf'
     1>z:\pp\collab\vadmin\sshclient\putty.src_o\sshdss.c(155): warning C4996: 'sprintf': This function or variable may be unsafe. Consider using sprintf_s instead. To disable deprecation, use _CRT_SECURE_NO_WARNINGS. See online help for details.
                 c:\program files\microsoft visual studio 11.0\vc\include\stdio.h(357): Siehe Deklaration von 'sprintf'
     1>z:\pp\collab\vadmin\sshclient\putty.src_o\sshdss.c(162): warning C4996: 'sprintf': This function or variable may be unsafe. Consider using sprintf_s instead. To disable deprecation, use _CRT_SECURE_NO_WARNINGS. See online help for details.
                 c:\program files\microsoft visual studio 11.0\vc\include\stdio.h(357): Siehe Deklaration von 'sprintf'
     1>z:\pp\collab\vadmin\sshclient\putty.src_o\sshdss.c(200): warning C4996: 'sprintf': This function or variable may be unsafe. Consider using sprintf_s instead. To disable deprecation, use _CRT_SECURE_NO_WARNINGS. See online help for details.
                 c:\program files\microsoft visual studio 11.0\vc\include\stdio.h(357): Siehe Deklaration von 'sprintf'
     1>z:\pp\collab\vadmin\sshclient\putty.src_o\sshdss.c(203): warning C4996: 'sprintf': This function or variable may be unsafe. Consider using sprintf_s instead. To disable deprecation, use _CRT_SECURE_NO_WARNINGS. See online help for details.
                 c:\program files\microsoft visual studio 11.0\vc\include\stdio.h(357): Siehe Deklaration von 'sprintf'
     1>z:\pp\collab\vadmin\sshclient\putty.src_o\sshdss.c(206): warning C4996: 'strcpy': This function or variable may be unsafe. Consider using strcpy_s instead. To disable deprecation, use _CRT_SECURE_NO_WARNINGS. See online help for details.
                 c:\program files\microsoft visual studio 11.0\vc\include\string.h(110): Siehe Deklaration von 'strcpy'
         sshdes.c
         sshbn.c
         sshaes.c
         misc.c
     1>z:\pp\collab\vadmin\sshclient\putty.src_o\misc.c(140): warning C4996: 'strcpy': This function or variable may be unsafe. Consider using strcpy_s instead. To disable deprecation, use _CRT_SECURE_NO_WARNINGS. See online help for details.
                 c:\program files\microsoft visual studio 11.0\vc\include\string.h(110): Siehe Deklaration von 'strcpy'
     1>z:\pp\collab\vadmin\sshclient\putty.src_o\misc.c(163): warning C4996: 'strcpy': This function or variable may be unsafe. Consider using strcpy_s instead. To disable deprecation, use _CRT_SECURE_NO_WARNINGS. See online help for details.
                 c:\program files\microsoft visual studio 11.0\vc\include\string.h(110): Siehe Deklaration von 'strcpy'
     1>z:\pp\collab\vadmin\sshclient\putty.src_o\misc.c(171): warning C4996: 'strcpy': This function or variable may be unsafe. Consider using strcpy_s instead. To disable deprecation, use _CRT_SECURE_NO_WARNINGS. See online help for details.
                 c:\program files\microsoft visual studio 11.0\vc\include\string.h(110): Siehe Deklaration von 'strcpy'
     1>z:\pp\collab\vadmin\sshclient\putty.src_o\misc.c(251): warning C4996: '_vsnprintf': This function or variable may be unsafe. Consider using _vsnprintf_s instead. To disable deprecation, use _CRT_SECURE_NO_WARNINGS. See online help for details.
                 c:\program files\microsoft visual studio 11.0\vc\include\stdio.h(349): Siehe Deklaration von '_vsnprintf'
     1>z:\pp\collab\vadmin\sshclient\putty.src_o\misc.c(508): warning C4996: 'strcpy': This function or variable may be unsafe. Consider using strcpy_s instead. To disable deprecation, use _CRT_SECURE_NO_WARNINGS. See online help for details.
                 c:\program files\microsoft visual studio 11.0\vc\include\string.h(110): Siehe Deklaration von 'strcpy'
     1>z:\pp\collab\vadmin\sshclient\putty.src_o\misc.c(550): warning C4996: 'strcpy': This function or variable may be unsafe. Consider using strcpy_s instead. To disable deprecation, use _CRT_SECURE_NO_WARNINGS. See online help for details.
                 c:\program files\microsoft visual studio 11.0\vc\include\string.h(110): Siehe Deklaration von 'strcpy'
         Code wird generiert...
       ResourceCompile:
         C:\Program Files\Windows Kits\8.0\bin\x86\rc.exe /D _DEBUG /D _VC80_UPGRADE=0x0600 /l"0x0809" /I\Users\oliver\Desktop\pptm\putty.src\windows /nologo /fo".\Debug\pageant.res" ..\..\pageant.rc 
       Link:
         C:\Program Files\Microsoft Visual Studio 11.0\VC\bin\link.exe /ERRORREPORT:PROMPT /OUT:".\Debug\pageant.exe" /INCREMENTAL /NOLOGO comctl32.lib imm32.lib winmm.lib kernel32.lib user32.lib gdi32.lib winspool.lib comdlg32.lib advapi32.lib shell32.lib ole32.lib oleaut32.lib uuid.lib odbc32.lib odbccp32.lib /MANIFEST /MANIFESTUAC:"level='asInvoker' uiAccess='false'" /manifest:embed /DEBUG /PDB:".\Debug\pageant.pdb" /SUBSYSTEM:WINDOWS /TLBID:1 /DYNAMICBASE /NXCOMPAT /IMPLIB:".\Debug\pageant.lib" /MACHINE:X86 /SAFESEH .\Debug\pageant.res
         .\Debug\misc.obj
         .\Debug\sshaes.obj
         .\Debug\sshbn.obj
         .\Debug\sshdes.obj
         .\Debug\sshdss.obj
         .\Debug\sshmd5.obj
         .\Debug\sshpubk.obj
         .\Debug\sshrsa.obj
         .\Debug\sshsh256.obj
         .\Debug\sshsh512.obj
         .\Debug\sshsha.obj
         .\Debug\tree234.obj
         .\Debug\version.obj
         .\Debug\winhelp.obj
         .\Debug\winmisc.obj
         .\Debug\winpgnt.obj
         .\Debug\winpgntc.obj
         .\Debug\winutils.obj
     1>misc.obj : warning LNK4075: /EDITANDCONTINUE wird aufgrund der Angabe von /SAFESEH ignoriert.
         pageant.vcxproj -> Z:\pp\collab\vadmin\sshclient\putty.src_o\WINDOWS\MSVC\PAGEANT\.\Debug\pageant.exe
     1>Die Erstellung des Projekts "Z:\pp\collab\vadmin\sshclient\putty.src_o\WINDOWS\MSVC\PAGEANT\pageant.vcxproj" ist abgeschlossen, Build Ziel(e).

Build erfolgreich.

Verstrichene Zeit 00:01:29.65
