C:\USERS\OLIVER\DESKTOP\PPTM\PUTTY.SRC\WINDOWS\MSVC\PAGEANT\DEBUG\MISC.OBJ
C:\USERS\OLIVER\DESKTOP\PPTM\PUTTY.SRC\WINDOWS\MSVC\PAGEANT\DEBUG\SSHAES.OBJ
C:\USERS\OLIVER\DESKTOP\PPTM\PUTTY.SRC\WINDOWS\MSVC\PAGEANT\DEBUG\SSHBN.OBJ
C:\USERS\OLIVER\DESKTOP\PPTM\PUTTY.SRC\WINDOWS\MSVC\PAGEANT\DEBUG\SSHDES.OBJ
C:\USERS\OLIVER\DESKTOP\PPTM\PUTTY.SRC\WINDOWS\MSVC\PAGEANT\DEBUG\SSHDSS.OBJ
C:\USERS\OLIVER\DESKTOP\PPTM\PUTTY.SRC\WINDOWS\MSVC\PAGEANT\DEBUG\SSHMD5.OBJ
C:\USERS\OLIVER\DESKTOP\PPTM\PUTTY.SRC\WINDOWS\MSVC\PAGEANT\DEBUG\SSHPUBK.OBJ
C:\USERS\OLIVER\DESKTOP\PPTM\PUTTY.SRC\WINDOWS\MSVC\PAGEANT\DEBUG\SSHRSA.OBJ
C:\USERS\OLIVER\DESKTOP\PPTM\PUTTY.SRC\WINDOWS\MSVC\PAGEANT\DEBUG\SSHSH256.OBJ
C:\USERS\OLIVER\DESKTOP\PPTM\PUTTY.SRC\WINDOWS\MSVC\PAGEANT\DEBUG\SSHSH512.OBJ
C:\USERS\OLIVER\DESKTOP\PPTM\PUTTY.SRC\WINDOWS\MSVC\PAGEANT\DEBUG\SSHSHA.OBJ
C:\USERS\OLIVER\DESKTOP\PPTM\PUTTY.SRC\WINDOWS\MSVC\PAGEANT\DEBUG\TREE234.OBJ
C:\USERS\OLIVER\DESKTOP\PPTM\PUTTY.SRC\WINDOWS\MSVC\PAGEANT\DEBUG\VERSION.OBJ
C:\USERS\OLIVER\DESKTOP\PPTM\PUTTY.SRC\WINDOWS\MSVC\PAGEANT\DEBUG\WINHELP.OBJ
C:\USERS\OLIVER\DESKTOP\PPTM\PUTTY.SRC\WINDOWS\MSVC\PAGEANT\DEBUG\WINMISC.OBJ
C:\USERS\OLIVER\DESKTOP\PPTM\PUTTY.SRC\WINDOWS\MSVC\PAGEANT\DEBUG\WINPGNT.OBJ
C:\USERS\OLIVER\DESKTOP\PPTM\PUTTY.SRC\WINDOWS\MSVC\PAGEANT\DEBUG\WINPGNTC.OBJ
C:\USERS\OLIVER\DESKTOP\PPTM\PUTTY.SRC\WINDOWS\MSVC\PAGEANT\DEBUG\WINUTILS.OBJ
C:\USERS\OLIVER\DESKTOP\PPTM\PUTTY.SRC\WINDOWS\MSVC\PAGEANT\DEBUG\VC110.PDB
C:\USERS\OLIVER\DESKTOP\PPTM\PUTTY.SRC\WINDOWS\MSVC\PAGEANT\DEBUG\PAGEANT.ILK
C:\USERS\OLIVER\DESKTOP\PPTM\PUTTY.SRC\WINDOWS\MSVC\PAGEANT\DEBUG\PAGEANT.EXE
C:\USERS\OLIVER\DESKTOP\PPTM\PUTTY.SRC\WINDOWS\MSVC\PAGEANT\DEBUG\PAGEANT.PDB
C:\USERS\OLIVER\DESKTOP\PPTM\PUTTY.SRC\WINDOWS\MSVC\PAGEANT\DEBUG\PAGEANT.RES
C:\Users\oliver\Desktop\pptm\putty.src\WINDOWS\MSVC\PAGEANT\Debug\misc.obj
C:\Users\oliver\Desktop\pptm\putty.src\WINDOWS\MSVC\PAGEANT\Debug\sshaes.obj
C:\Users\oliver\Desktop\pptm\putty.src\WINDOWS\MSVC\PAGEANT\Debug\sshbn.obj
C:\Users\oliver\Desktop\pptm\putty.src\WINDOWS\MSVC\PAGEANT\Debug\sshdes.obj
C:\Users\oliver\Desktop\pptm\putty.src\WINDOWS\MSVC\PAGEANT\Debug\sshdss.obj
C:\Users\oliver\Desktop\pptm\putty.src\WINDOWS\MSVC\PAGEANT\Debug\sshmd5.obj
C:\Users\oliver\Desktop\pptm\putty.src\WINDOWS\MSVC\PAGEANT\Debug\sshpubk.obj
C:\Users\oliver\Desktop\pptm\putty.src\WINDOWS\MSVC\PAGEANT\Debug\sshrsa.obj
C:\Users\oliver\Desktop\pptm\putty.src\WINDOWS\MSVC\PAGEANT\Debug\sshsh256.obj
C:\Users\oliver\Desktop\pptm\putty.src\WINDOWS\MSVC\PAGEANT\Debug\sshsh512.obj
C:\Users\oliver\Desktop\pptm\putty.src\WINDOWS\MSVC\PAGEANT\Debug\sshsha.obj
C:\Users\oliver\Desktop\pptm\putty.src\WINDOWS\MSVC\PAGEANT\Debug\tree234.obj
C:\Users\oliver\Desktop\pptm\putty.src\WINDOWS\MSVC\PAGEANT\Debug\version.obj
C:\Users\oliver\Desktop\pptm\putty.src\WINDOWS\MSVC\PAGEANT\Debug\winhelp.obj
C:\Users\oliver\Desktop\pptm\putty.src\WINDOWS\MSVC\PAGEANT\Debug\winmisc.obj
C:\Users\oliver\Desktop\pptm\putty.src\WINDOWS\MSVC\PAGEANT\Debug\winpgnt.obj
C:\Users\oliver\Desktop\pptm\putty.src\WINDOWS\MSVC\PAGEANT\Debug\winpgntc.obj
C:\Users\oliver\Desktop\pptm\putty.src\WINDOWS\MSVC\PAGEANT\Debug\winutils.obj
C:\Users\oliver\Desktop\pptm\putty.src\WINDOWS\MSVC\PAGEANT\Debug\pageant.ilk
C:\Users\oliver\Desktop\pptm\putty.src\WINDOWS\MSVC\PAGEANT\Debug\cl.command.1.tlog
C:\Users\oliver\Desktop\pptm\putty.src\WINDOWS\MSVC\PAGEANT\Debug\CL.read.1.tlog
C:\Users\oliver\Desktop\pptm\putty.src\WINDOWS\MSVC\PAGEANT\Debug\CL.write.1.tlog
C:\Users\oliver\Desktop\pptm\putty.src\WINDOWS\MSVC\PAGEANT\Debug\link-cvtres.read.1.tlog
C:\Users\oliver\Desktop\pptm\putty.src\WINDOWS\MSVC\PAGEANT\Debug\link-cvtres.write.1.tlog
C:\Users\oliver\Desktop\pptm\putty.src\WINDOWS\MSVC\PAGEANT\Debug\link-rc.read.1.tlog
C:\Users\oliver\Desktop\pptm\putty.src\WINDOWS\MSVC\PAGEANT\Debug\link-rc.write.1.tlog
C:\Users\oliver\Desktop\pptm\putty.src\WINDOWS\MSVC\PAGEANT\Debug\link.command.1.tlog
C:\Users\oliver\Desktop\pptm\putty.src\WINDOWS\MSVC\PAGEANT\Debug\link.read.1.tlog
C:\Users\oliver\Desktop\pptm\putty.src\WINDOWS\MSVC\PAGEANT\Debug\link.write.1.tlog
C:\Users\oliver\Desktop\pptm\putty.src\WINDOWS\MSVC\PAGEANT\Debug\rc.command.1.tlog
C:\Users\oliver\Desktop\pptm\putty.src\WINDOWS\MSVC\PAGEANT\Debug\rc.read.1.tlog
C:\Users\oliver\Desktop\pptm\putty.src\WINDOWS\MSVC\PAGEANT\Debug\rc.write.1.tlog
C:\Users\oliver\Desktop\pptm\putty.src\WINDOWS\MSVC\PAGEANT\Debug\pageant.res
C:\Users\oliver\Desktop\pptm\putty.src\WINDOWS\MSVC\PAGEANT\Debug\vc110.idb
C:\Users\oliver\Desktop\pptm\putty.src\WINDOWS\MSVC\PAGEANT\Debug\pageant.pdb
C:\Users\oliver\Desktop\pptm\putty.src\WINDOWS\MSVC\PAGEANT\Debug\vc110.pdb
C:\Users\oliver\Desktop\pptm\putty.src\WINDOWS\MSVC\PAGEANT\.\Debug\pageant.exe
