C:\USERS\OLIVER\DESKTOP\PPTM\PUTTY.SRC\WINDOWS\MSVC\PSCP\DEBUG\BE_SSH.OBJ
C:\USERS\OLIVER\DESKTOP\PPTM\PUTTY.SRC\WINDOWS\MSVC\PSCP\DEBUG\SSH.OBJ
C:\USERS\OLIVER\DESKTOP\PPTM\PUTTY.SRC\WINDOWS\MSVC\PSCP\DEBUG\VC110.PDB
C:\USERS\OLIVER\DESKTOP\PPTM\PUTTY.SRC\WINDOWS\MSVC\PSCP\DEBUG\SSHSHA.OBJ
C:\USERS\OLIVER\DESKTOP\PPTM\PUTTY.SRC\WINDOWS\MSVC\PSCP\DEBUG\SSHZLIB.OBJ
C:\USERS\OLIVER\DESKTOP\PPTM\PUTTY.SRC\WINDOWS\MSVC\PSCP\DEBUG\TIMING.OBJ
C:\USERS\OLIVER\DESKTOP\PPTM\PUTTY.SRC\WINDOWS\MSVC\PSCP\DEBUG\TREE234.OBJ
C:\USERS\OLIVER\DESKTOP\PPTM\PUTTY.SRC\WINDOWS\MSVC\PSCP\DEBUG\VERSION.OBJ
C:\USERS\OLIVER\DESKTOP\PPTM\PUTTY.SRC\WINDOWS\MSVC\PSCP\DEBUG\WILDCARD.OBJ
C:\USERS\OLIVER\DESKTOP\PPTM\PUTTY.SRC\WINDOWS\MSVC\PSCP\DEBUG\WINCONS.OBJ
C:\USERS\OLIVER\DESKTOP\PPTM\PUTTY.SRC\WINDOWS\MSVC\PSCP\DEBUG\WINDEFS.OBJ
C:\USERS\OLIVER\DESKTOP\PPTM\PUTTY.SRC\WINDOWS\MSVC\PSCP\DEBUG\WINGSS.OBJ
C:\USERS\OLIVER\DESKTOP\PPTM\PUTTY.SRC\WINDOWS\MSVC\PSCP\DEBUG\WINHANDL.OBJ
C:\USERS\OLIVER\DESKTOP\PPTM\PUTTY.SRC\WINDOWS\MSVC\PSCP\DEBUG\WINMISC.OBJ
C:\USERS\OLIVER\DESKTOP\PPTM\PUTTY.SRC\WINDOWS\MSVC\PSCP\DEBUG\WINNET.OBJ
C:\USERS\OLIVER\DESKTOP\PPTM\PUTTY.SRC\WINDOWS\MSVC\PSCP\DEBUG\WINNOISE.OBJ
C:\USERS\OLIVER\DESKTOP\PPTM\PUTTY.SRC\WINDOWS\MSVC\PSCP\DEBUG\WINNOJMP.OBJ
C:\USERS\OLIVER\DESKTOP\PPTM\PUTTY.SRC\WINDOWS\MSVC\PSCP\DEBUG\WINPGNTC.OBJ
C:\USERS\OLIVER\DESKTOP\PPTM\PUTTY.SRC\WINDOWS\MSVC\PSCP\DEBUG\WINPROXY.OBJ
C:\USERS\OLIVER\DESKTOP\PPTM\PUTTY.SRC\WINDOWS\MSVC\PSCP\DEBUG\WINSFTP.OBJ
C:\USERS\OLIVER\DESKTOP\PPTM\PUTTY.SRC\WINDOWS\MSVC\PSCP\DEBUG\WINSTORE.OBJ
C:\USERS\OLIVER\DESKTOP\PPTM\PUTTY.SRC\WINDOWS\MSVC\PSCP\DEBUG\WINTIME.OBJ
C:\USERS\OLIVER\DESKTOP\PPTM\PUTTY.SRC\WINDOWS\MSVC\PSCP\DEBUG\X11FWD.OBJ
C:\USERS\OLIVER\DESKTOP\PPTM\PUTTY.SRC\WINDOWS\MSVC\PSCP\DEBUG\PROXY.OBJ
C:\USERS\OLIVER\DESKTOP\PPTM\PUTTY.SRC\WINDOWS\MSVC\PSCP\DEBUG\PSCP.OBJ
C:\USERS\OLIVER\DESKTOP\PPTM\PUTTY.SRC\WINDOWS\MSVC\PSCP\DEBUG\SETTINGS.OBJ
C:\USERS\OLIVER\DESKTOP\PPTM\PUTTY.SRC\WINDOWS\MSVC\PSCP\DEBUG\SFTP.OBJ
C:\USERS\OLIVER\DESKTOP\PPTM\PUTTY.SRC\WINDOWS\MSVC\PSCP\DEBUG\SSHAES.OBJ
C:\USERS\OLIVER\DESKTOP\PPTM\PUTTY.SRC\WINDOWS\MSVC\PSCP\DEBUG\SSHARCF.OBJ
C:\USERS\OLIVER\DESKTOP\PPTM\PUTTY.SRC\WINDOWS\MSVC\PSCP\DEBUG\SSHBLOWF.OBJ
C:\USERS\OLIVER\DESKTOP\PPTM\PUTTY.SRC\WINDOWS\MSVC\PSCP\DEBUG\SSHBN.OBJ
C:\USERS\OLIVER\DESKTOP\PPTM\PUTTY.SRC\WINDOWS\MSVC\PSCP\DEBUG\SSHCRC.OBJ
C:\USERS\OLIVER\DESKTOP\PPTM\PUTTY.SRC\WINDOWS\MSVC\PSCP\DEBUG\SSHCRCDA.OBJ
C:\USERS\OLIVER\DESKTOP\PPTM\PUTTY.SRC\WINDOWS\MSVC\PSCP\DEBUG\SSHDES.OBJ
C:\USERS\OLIVER\DESKTOP\PPTM\PUTTY.SRC\WINDOWS\MSVC\PSCP\DEBUG\SSHDH.OBJ
C:\USERS\OLIVER\DESKTOP\PPTM\PUTTY.SRC\WINDOWS\MSVC\PSCP\DEBUG\SSHDSS.OBJ
C:\USERS\OLIVER\DESKTOP\PPTM\PUTTY.SRC\WINDOWS\MSVC\PSCP\DEBUG\SSHGSSC.OBJ
C:\USERS\OLIVER\DESKTOP\PPTM\PUTTY.SRC\WINDOWS\MSVC\PSCP\DEBUG\SSHMD5.OBJ
C:\USERS\OLIVER\DESKTOP\PPTM\PUTTY.SRC\WINDOWS\MSVC\PSCP\DEBUG\SSHPUBK.OBJ
C:\USERS\OLIVER\DESKTOP\PPTM\PUTTY.SRC\WINDOWS\MSVC\PSCP\DEBUG\SSHRAND.OBJ
C:\USERS\OLIVER\DESKTOP\PPTM\PUTTY.SRC\WINDOWS\MSVC\PSCP\DEBUG\SSHRSA.OBJ
C:\USERS\OLIVER\DESKTOP\PPTM\PUTTY.SRC\WINDOWS\MSVC\PSCP\DEBUG\SSHSH256.OBJ
C:\USERS\OLIVER\DESKTOP\PPTM\PUTTY.SRC\WINDOWS\MSVC\PSCP\DEBUG\SSHSH512.OBJ
C:\USERS\OLIVER\DESKTOP\PPTM\PUTTY.SRC\WINDOWS\MSVC\PSCP\DEBUG\CMDLINE.OBJ
C:\USERS\OLIVER\DESKTOP\PPTM\PUTTY.SRC\WINDOWS\MSVC\PSCP\DEBUG\CPROXY.OBJ
C:\USERS\OLIVER\DESKTOP\PPTM\PUTTY.SRC\WINDOWS\MSVC\PSCP\DEBUG\INT64.OBJ
C:\USERS\OLIVER\DESKTOP\PPTM\PUTTY.SRC\WINDOWS\MSVC\PSCP\DEBUG\LOGGING.OBJ
C:\USERS\OLIVER\DESKTOP\PPTM\PUTTY.SRC\WINDOWS\MSVC\PSCP\DEBUG\MISC.OBJ
C:\USERS\OLIVER\DESKTOP\PPTM\PUTTY.SRC\WINDOWS\MSVC\PSCP\DEBUG\PGSSAPI.OBJ
C:\USERS\OLIVER\DESKTOP\PPTM\PUTTY.SRC\WINDOWS\MSVC\PSCP\DEBUG\PINGER.OBJ
C:\USERS\OLIVER\DESKTOP\PPTM\PUTTY.SRC\WINDOWS\MSVC\PSCP\DEBUG\PORTFWD.OBJ
C:\Users\oliver\Desktop\pptm\putty.src\WINDOWS\MSVC\PSCP\Debug\be_ssh.obj
C:\Users\oliver\Desktop\pptm\putty.src\WINDOWS\MSVC\PSCP\Debug\cmdline.obj
C:\Users\oliver\Desktop\pptm\putty.src\WINDOWS\MSVC\PSCP\Debug\cproxy.obj
C:\Users\oliver\Desktop\pptm\putty.src\WINDOWS\MSVC\PSCP\Debug\int64.obj
C:\Users\oliver\Desktop\pptm\putty.src\WINDOWS\MSVC\PSCP\Debug\logging.obj
C:\Users\oliver\Desktop\pptm\putty.src\WINDOWS\MSVC\PSCP\Debug\misc.obj
C:\Users\oliver\Desktop\pptm\putty.src\WINDOWS\MSVC\PSCP\Debug\pgssapi.obj
C:\Users\oliver\Desktop\pptm\putty.src\WINDOWS\MSVC\PSCP\Debug\pinger.obj
C:\Users\oliver\Desktop\pptm\putty.src\WINDOWS\MSVC\PSCP\Debug\portfwd.obj
C:\Users\oliver\Desktop\pptm\putty.src\WINDOWS\MSVC\PSCP\Debug\proxy.obj
C:\Users\oliver\Desktop\pptm\putty.src\WINDOWS\MSVC\PSCP\Debug\pscp.obj
C:\Users\oliver\Desktop\pptm\putty.src\WINDOWS\MSVC\PSCP\Debug\settings.obj
C:\Users\oliver\Desktop\pptm\putty.src\WINDOWS\MSVC\PSCP\Debug\sftp.obj
C:\Users\oliver\Desktop\pptm\putty.src\WINDOWS\MSVC\PSCP\Debug\ssh.obj
C:\Users\oliver\Desktop\pptm\putty.src\WINDOWS\MSVC\PSCP\Debug\sshaes.obj
C:\Users\oliver\Desktop\pptm\putty.src\WINDOWS\MSVC\PSCP\Debug\ssharcf.obj
C:\Users\oliver\Desktop\pptm\putty.src\WINDOWS\MSVC\PSCP\Debug\sshblowf.obj
C:\Users\oliver\Desktop\pptm\putty.src\WINDOWS\MSVC\PSCP\Debug\sshbn.obj
C:\Users\oliver\Desktop\pptm\putty.src\WINDOWS\MSVC\PSCP\Debug\sshcrc.obj
C:\Users\oliver\Desktop\pptm\putty.src\WINDOWS\MSVC\PSCP\Debug\sshcrcda.obj
C:\Users\oliver\Desktop\pptm\putty.src\WINDOWS\MSVC\PSCP\Debug\sshdes.obj
C:\Users\oliver\Desktop\pptm\putty.src\WINDOWS\MSVC\PSCP\Debug\sshdh.obj
C:\Users\oliver\Desktop\pptm\putty.src\WINDOWS\MSVC\PSCP\Debug\sshdss.obj
C:\Users\oliver\Desktop\pptm\putty.src\WINDOWS\MSVC\PSCP\Debug\sshgssc.obj
C:\Users\oliver\Desktop\pptm\putty.src\WINDOWS\MSVC\PSCP\Debug\sshmd5.obj
C:\Users\oliver\Desktop\pptm\putty.src\WINDOWS\MSVC\PSCP\Debug\sshpubk.obj
C:\Users\oliver\Desktop\pptm\putty.src\WINDOWS\MSVC\PSCP\Debug\sshrand.obj
C:\Users\oliver\Desktop\pptm\putty.src\WINDOWS\MSVC\PSCP\Debug\sshrsa.obj
C:\Users\oliver\Desktop\pptm\putty.src\WINDOWS\MSVC\PSCP\Debug\sshsh256.obj
C:\Users\oliver\Desktop\pptm\putty.src\WINDOWS\MSVC\PSCP\Debug\sshsh512.obj
C:\Users\oliver\Desktop\pptm\putty.src\WINDOWS\MSVC\PSCP\Debug\sshsha.obj
C:\Users\oliver\Desktop\pptm\putty.src\WINDOWS\MSVC\PSCP\Debug\sshzlib.obj
C:\Users\oliver\Desktop\pptm\putty.src\WINDOWS\MSVC\PSCP\Debug\timing.obj
C:\Users\oliver\Desktop\pptm\putty.src\WINDOWS\MSVC\PSCP\Debug\tree234.obj
C:\Users\oliver\Desktop\pptm\putty.src\WINDOWS\MSVC\PSCP\Debug\version.obj
C:\Users\oliver\Desktop\pptm\putty.src\WINDOWS\MSVC\PSCP\Debug\wildcard.obj
C:\Users\oliver\Desktop\pptm\putty.src\WINDOWS\MSVC\PSCP\Debug\wincons.obj
C:\Users\oliver\Desktop\pptm\putty.src\WINDOWS\MSVC\PSCP\Debug\windefs.obj
C:\Users\oliver\Desktop\pptm\putty.src\WINDOWS\MSVC\PSCP\Debug\wingss.obj
C:\Users\oliver\Desktop\pptm\putty.src\WINDOWS\MSVC\PSCP\Debug\winhandl.obj
C:\Users\oliver\Desktop\pptm\putty.src\WINDOWS\MSVC\PSCP\Debug\winmisc.obj
C:\Users\oliver\Desktop\pptm\putty.src\WINDOWS\MSVC\PSCP\Debug\winnet.obj
C:\Users\oliver\Desktop\pptm\putty.src\WINDOWS\MSVC\PSCP\Debug\winnoise.obj
C:\Users\oliver\Desktop\pptm\putty.src\WINDOWS\MSVC\PSCP\Debug\winnojmp.obj
C:\Users\oliver\Desktop\pptm\putty.src\WINDOWS\MSVC\PSCP\Debug\winpgntc.obj
C:\Users\oliver\Desktop\pptm\putty.src\WINDOWS\MSVC\PSCP\Debug\winproxy.obj
C:\Users\oliver\Desktop\pptm\putty.src\WINDOWS\MSVC\PSCP\Debug\winsftp.obj
C:\Users\oliver\Desktop\pptm\putty.src\WINDOWS\MSVC\PSCP\Debug\winstore.obj
C:\Users\oliver\Desktop\pptm\putty.src\WINDOWS\MSVC\PSCP\Debug\wintime.obj
C:\Users\oliver\Desktop\pptm\putty.src\WINDOWS\MSVC\PSCP\Debug\x11fwd.obj
C:\Users\oliver\Desktop\pptm\putty.src\WINDOWS\MSVC\PSCP\Debug\cl.command.1.tlog
C:\Users\oliver\Desktop\pptm\putty.src\WINDOWS\MSVC\PSCP\Debug\CL.read.1.tlog
C:\Users\oliver\Desktop\pptm\putty.src\WINDOWS\MSVC\PSCP\Debug\CL.write.1.tlog
C:\Users\oliver\Desktop\pptm\putty.src\WINDOWS\MSVC\PSCP\Debug\vc110.idb
C:\Users\oliver\Desktop\pptm\putty.src\WINDOWS\MSVC\PSCP\Debug\vc110.pdb
